[    0.000000] Initializing cgroup subsys cpuset
[    0.000000] Initializing cgroup subsys cpu
[    0.000000] Initializing cgroup subsys cpuacct
[    0.000000] Linux version 4.4.0-176-generic (buildd@lgw01-amd64-035) (gcc version 5.4.0 20160609 (Ubuntu 5.4.0-6ubuntu1~16.04.12) ) #206-Ubuntu SMP Fri Feb 28 05:02:04 UTC 2020 (Ubuntu 4.4.0-176.206-generic 4.4.211)
[    0.000000] Command line: BOOT_IMAGE=/boot/vmlinuz-4.4.0-176-generic root=LABEL=cloudimg-rootfs ro console=tty1 console=ttyS0
[    0.000000] KERNEL supported cpus:
[    0.000000]   Intel GenuineIntel
[    0.000000]   AMD AuthenticAMD
[    0.000000]   Centaur CentaurHauls
[    0.000000] x86/fpu: xstate_offset[2]:  576, xstate_sizes[2]:  256
[    0.000000] x86/fpu: Supporting XSAVE feature 0x01: 'x87 floating point registers'
[    0.000000] x86/fpu: Supporting XSAVE feature 0x02: 'SSE registers'
[    0.000000] x86/fpu: Supporting XSAVE feature 0x04: 'AVX registers'
[    0.000000] x86/fpu: Enabled xstate features 0x7, context size is 832 bytes, using 'standard' format.
[    0.000000] e820: BIOS-provided physical RAM map:
[    0.000000] BIOS-e820: [mem 0x0000000000000000-0x000000000009fbff] usable
[    0.000000] BIOS-e820: [mem 0x000000000009fc00-0x000000000009ffff] reserved
[    0.000000] BIOS-e820: [mem 0x00000000000f0000-0x00000000000fffff] reserved
[    0.000000] BIOS-e820: [mem 0x0000000000100000-0x000000003ffeffff] usable
[    0.000000] BIOS-e820: [mem 0x000000003fff0000-0x000000003fffffff] ACPI data
[    0.000000] BIOS-e820: [mem 0x00000000fec00000-0x00000000fec00fff] reserved
[    0.000000] BIOS-e820: [mem 0x00000000fee00000-0x00000000fee00fff] reserved
[    0.000000] BIOS-e820: [mem 0x00000000fffc0000-0x00000000ffffffff] reserved
[    0.000000] NX (Execute Disable) protection: active
[    0.000000] SMBIOS 2.5 present.
[    0.000000] Hypervisor detected: KVM
[    0.000000] e820: last_pfn = 0x3fff0 max_arch_pfn = 0x400000000
[    0.000000] MTRR: Disabled
[    0.000000] x86/PAT: MTRRs disabled, skipping PAT initialization too.
[    0.000000] CPU MTRRs all blank - virtualized system.
[    0.000000] x86/PAT: Configuration [0-7]: WB  WT  UC- UC  WB  WT  UC- UC  
[    0.000000] found SMP MP-table at [mem 0x0009fff0-0x0009ffff] mapped at [ffff88000009fff0]
[    0.000000] Scanning 1 areas for low memory corruption
[    0.000000] RAMDISK: [mem 0x362e0000-0x37167fff]
[    0.000000] ACPI: Early table checksum verification disabled
[    0.000000] ACPI: RSDP 0x00000000000E0000 000024 (v02 VBOX  )
[    0.000000] ACPI: XSDT 0x000000003FFF0030 00003C (v01 VBOX   VBOXXSDT 00000001 ASL  00000061)
[    0.000000] ACPI: FACP 0x000000003FFF00F0 0000F4 (v04 VBOX   VBOXFACP 00000001 ASL  00000061)
[    0.000000] ACPI: DSDT 0x000000003FFF0470 002325 (v02 VBOX   VBOXBIOS 00000002 INTL 20100528)
[    0.000000] ACPI: FACS 0x000000003FFF0200 000040
[    0.000000] ACPI: FACS 0x000000003FFF0200 000040
[    0.000000] ACPI: APIC 0x000000003FFF0240 00005C (v02 VBOX   VBOXAPIC 00000001 ASL  00000061)
[    0.000000] ACPI: SSDT 0x000000003FFF02A0 0001CC (v01 VBOX   VBOXCPUT 00000002 INTL 20100528)
[    0.000000] No NUMA configuration found
[    0.000000] Faking a node at [mem 0x0000000000000000-0x000000003ffeffff]
[    0.000000] NODE_DATA(0) allocated [mem 0x3ffeb000-0x3ffeffff]
[    0.000000] kvm-clock: Using msrs 4b564d01 and 4b564d00
[    0.000000] kvm-clock: cpu 0, msr 0:3ffe3001, primary cpu clock
[    0.000000] kvm-clock: using sched offset of 4073787862 cycles
[    0.000000] clocksource: kvm-clock: mask: 0xffffffffffffffff max_cycles: 0x1cd42e4dffb, max_idle_ns: 881590591483 ns
[    0.000000] Zone ranges:
[    0.000000]   DMA      [mem 0x0000000000001000-0x0000000000ffffff]
[    0.000000]   DMA32    [mem 0x0000000001000000-0x000000003ffeffff]
[    0.000000]   Normal   empty
[    0.000000]   Device   empty
[    0.000000] Movable zone start for each node
[    0.000000] Early memory node ranges
[    0.000000]   node   0: [mem 0x0000000000001000-0x000000000009efff]
[    0.000000]   node   0: [mem 0x0000000000100000-0x000000003ffeffff]
[    0.000000] Initmem setup node 0 [mem 0x0000000000001000-0x000000003ffeffff]
[    0.000000] ACPI: PM-Timer IO Port: 0x4008
[    0.000000] IOAPIC[0]: apic_id 2, version 32, address 0xfec00000, GSI 0-23
[    0.000000] ACPI: INT_SRC_OVR (bus 0 bus_irq 0 global_irq 2 dfl dfl)
[    0.000000] ACPI: INT_SRC_OVR (bus 0 bus_irq 9 global_irq 9 low level)
[    0.000000] Using ACPI (MADT) for SMP configuration information
[    0.000000] smpboot: Allowing 2 CPUs, 0 hotplug CPUs
[    0.000000] PM: Registered nosave memory: [mem 0x00000000-0x00000fff]
[    0.000000] PM: Registered nosave memory: [mem 0x0009f000-0x0009ffff]
[    0.000000] PM: Registered nosave memory: [mem 0x000a0000-0x000effff]
[    0.000000] PM: Registered nosave memory: [mem 0x000f0000-0x000fffff]
[    0.000000] e820: [mem 0x40000000-0xfebfffff] available for PCI devices
[    0.000000] Booting paravirtualized kernel on KVM
[    0.000000] clocksource: refined-jiffies: mask: 0xffffffff max_cycles: 0xffffffff, max_idle_ns: 7645519600211568 ns
[    0.000000] setup_percpu: NR_CPUS:512 nr_cpumask_bits:512 nr_cpu_ids:2 nr_node_ids:1
[    0.000000] PERCPU: Embedded 33 pages/cpu @ffff88003fc00000 s95448 r8192 d31528 u1048576
[    0.000000] Built 1 zonelists in Node order, mobility grouping on.  Total pages: 257912
[    0.000000] Policy zone: DMA32
[    0.000000] Kernel command line: BOOT_IMAGE=/boot/vmlinuz-4.4.0-176-generic root=LABEL=cloudimg-rootfs ro console=tty1 console=ttyS0
[    0.000000] PID hash table entries: 4096 (order: 3, 32768 bytes)
[    0.000000] Memory: 997672K/1048120K available (8626K kernel code, 1336K rwdata, 4032K rodata, 1488K init, 1292K bss, 50448K reserved, 0K cma-reserved)
[    0.000000] SLUB: HWalign=64, Order=0-3, MinObjects=0, CPUs=2, Nodes=1
[    0.000000] Kernel/User page tables isolation: enabled
[    0.000000] Hierarchical RCU implementation.
[    0.000000] 	Build-time adjustment of leaf fanout to 64.
[    0.000000] 	RCU restricting CPUs from NR_CPUS=512 to nr_cpu_ids=2.
[    0.000000] RCU: Adjusting geometry for rcu_fanout_leaf=64, nr_cpu_ids=2
[    0.000000] NR_IRQS:33024 nr_irqs:440 16
[    0.000000] Console: colour VGA+ 80x25
[    0.000000] console [tty1] enabled
[    0.000000] console [ttyS0] enabled
[    0.000000] tsc: Detected 2711.998 MHz processor
[    0.409533] Calibrating delay loop (skipped) preset value.. 5423.99 BogoMIPS (lpj=10847992)
[    0.413981] pid_max: default: 32768 minimum: 301
[    0.417128] ACPI: Core revision 20150930
[    0.420760] ACPI: 2 ACPI AML tables successfully acquired and loaded
[    0.422486] Security Framework initialized
[    0.423468] Yama: becoming mindful.
[    0.424754] AppArmor: AppArmor initialized
[    0.426269] Dentry cache hash table entries: 131072 (order: 8, 1048576 bytes)
[    0.429404] Inode-cache hash table entries: 65536 (order: 7, 524288 bytes)
[    0.431672] Mount-cache hash table entries: 2048 (order: 2, 16384 bytes)
[    0.433645] Mountpoint-cache hash table entries: 2048 (order: 2, 16384 bytes)
[    0.436215] Initializing cgroup subsys io
[    0.437844] Initializing cgroup subsys memory
[    0.439147] Initializing cgroup subsys devices
[    0.440223] Initializing cgroup subsys freezer
[    0.441312] Initializing cgroup subsys net_cls
[    0.442346] Initializing cgroup subsys perf_event
[    0.443435] Initializing cgroup subsys net_prio
[    0.444485] Initializing cgroup subsys hugetlb
[    0.445547] Initializing cgroup subsys pids
[    0.447642] mce: CPU supports 0 MCE banks
[    0.449336] Last level iTLB entries: 4KB 64, 2MB 8, 4MB 8
[    0.452399] Last level dTLB entries: 4KB 64, 2MB 0, 4MB 0, 1GB 4
[    0.454490] Spectre V1 : Mitigation: usercopy/swapgs barriers and __user pointer sanitization
[    0.457762] Spectre V2 : Mitigation: Full generic retpoline
[    0.459585] Spectre V2 : Spectre v2 / SpectreRSB mitigation: Filling RSB on context switch
[    0.462189] Speculative Store Bypass: Vulnerable
[    0.464050] MDS: Vulnerable: Clear CPU buffers attempted, no microcode
[    0.471721] Freeing SMP alternatives memory: 36K
[    0.482751] ftrace: allocating 32305 entries in 127 pages
[    0.561223] smpboot: APIC(0) Converting physical 0 to logical package 0
[    0.562978] smpboot: Max logical packages: 1
[    0.565215] x2apic enabled
[    0.566750] Switched APIC routing to physical x2apic.
[    0.570405] ..TIMER: vector=0x30 apic1=0 pin1=2 apic2=-1 pin2=-1
[    0.679974] smpboot: CPU0: Intel(R) Core(TM) i5-7300U CPU @ 2.60GHz (family: 0x6, model: 0x8e, stepping: 0x9)
[    0.682954] Performance Events: unsupported p6 CPU model 142 no PMU driver, software events only.
[    0.696581] KVM setup paravirtual spinlock
[    0.698431] x86: Booting SMP configuration:
[    0.699519] .... node  #0, CPUs:      #1
[    0.700643] kvm-clock: cpu 1, msr 0:3ffe3041, secondary cpu clock
[    0.703173] mce: CPU supports 0 MCE banks
[    0.706087] x86: Booted up 1 node, 2 CPUs
[    0.707333] smpboot: Total of 2 processors activated (10847.99 BogoMIPS)
[    0.709372] devtmpfs: initialized
[    0.711627] evm: security.selinux
[    0.712522] evm: security.SMACK64
[    0.713431] evm: security.SMACK64EXEC
[    0.714380] evm: security.SMACK64TRANSMUTE
[    0.715428] evm: security.SMACK64MMAP
[    0.716429] evm: security.ima
[    0.717304] evm: security.capability
[    0.718519] clocksource: jiffies: mask: 0xffffffff max_cycles: 0xffffffff, max_idle_ns: 7645041785100000 ns
[    0.720766] futex hash table entries: 512 (order: 3, 32768 bytes)
[    0.722250] pinctrl core: initialized pinctrl subsystem
[    0.723549] RTC time: 21:37:35, date: 03/22/20
[    0.724856] NET: Registered protocol family 16
[    0.738206] cpuidle: using governor ladder
[    0.752847] cpuidle: using governor menu
[    0.756893] PCCT header not found.
[    0.760322] ACPI: bus type PCI registered
[    0.764117] acpiphp: ACPI Hot Plug PCI Controller Driver version: 0.5
[    0.769431] PCI: Using configuration type 1 for base access
[    0.792353] ACPI: Added _OSI(Module Device)
[    0.796254] ACPI: Added _OSI(Processor Device)
[    0.800376] ACPI: Added _OSI(3.0 _SCP Extensions)
[    0.804487] ACPI: Added _OSI(Processor Aggregator Device)
[    0.811206] ACPI: Executed 1 blocks of module-level executable AML code
[    0.819980] ACPI: Interpreter enabled
[    0.821951] ACPI: (supports S0 S5)
[    0.823597] ACPI: Using IOAPIC for interrupt routing
[    0.825931] PCI: Using host bridge windows from ACPI; if necessary, use "pci=nocrs" and report a bug
[    0.834790] ACPI: PCI Root Bridge [PCI0] (domain 0000 [bus 00-ff])
[    0.836485] acpi PNP0A03:00: _OSC: OS supports [ASPM ClockPM Segments MSI]
[    0.838740] acpi PNP0A03:00: _OSC: not requesting OS control; OS requires [ExtendedConfig ASPM ClockPM MSI]
[    0.841269] acpi PNP0A03:00: fail to add MMCONFIG information, can't access extended PCI configuration space under this bridge.
[    0.844425] PCI host bridge to bus 0000:00
[    0.845519] pci_bus 0000:00: root bus resource [io  0x0000-0x0cf7 window]
[    0.847097] pci_bus 0000:00: root bus resource [io  0x0d00-0xffff window]
[    0.848631] pci_bus 0000:00: root bus resource [mem 0x000a0000-0x000bffff window]
[    0.850556] pci_bus 0000:00: root bus resource [mem 0x40000000-0xfdffffff window]
[    0.852499] pci_bus 0000:00: root bus resource [bus 00-ff]
[    0.856153] pci 0000:00:01.1: legacy IDE quirk: reg 0x10: [io  0x01f0-0x01f7]
[    0.857751] pci 0000:00:01.1: legacy IDE quirk: reg 0x14: [io  0x03f6]
[    0.859251] pci 0000:00:01.1: legacy IDE quirk: reg 0x18: [io  0x0170-0x0177]
[    0.860935] pci 0000:00:01.1: legacy IDE quirk: reg 0x1c: [io  0x0376]
[    0.901678] pci 0000:00:07.0: quirk: [io  0x4000-0x403f] claimed by PIIX4 ACPI
[    0.903565] pci 0000:00:07.0: quirk: [io  0x4100-0x410f] claimed by PIIX4 SMB
[    0.918454] ACPI: PCI Interrupt Link [LNKA] (IRQs 5 9 10 *11)
[    0.920654] ACPI: PCI Interrupt Link [LNKB] (IRQs 5 9 *10 11)
[    0.922671] ACPI: PCI Interrupt Link [LNKC] (IRQs 5 *9 10 11)
[    0.924647] ACPI: PCI Interrupt Link [LNKD] (IRQs 5 9 10 *11)
[    0.926505] ACPI: Enabled 2 GPEs in block 00 to 07
[    0.928025] vgaarb: setting as boot device: PCI:0000:00:02.0
[    0.929297] vgaarb: device added: PCI:0000:00:02.0,decodes=io+mem,owns=io+mem,locks=none
[    0.931175] vgaarb: loaded
[    0.931949] vgaarb: bridge control possible 0000:00:02.0
[    0.933367] SCSI subsystem initialized
[    0.934425] ACPI: bus type USB registered
[    0.935431] usbcore: registered new interface driver usbfs
[    0.936633] usbcore: registered new interface driver hub
[    0.937807] usbcore: registered new device driver usb
[    0.939360] PCI: Using ACPI for IRQ routing
[    0.941081] NetLabel: Initializing
[    0.941989] NetLabel:  domain hash size = 128
[    0.943023] NetLabel:  protocols = UNLABELED CIPSOv4
[    0.944146] NetLabel:  unlabeled traffic allowed by default
[    0.945543] amd_nb: Cannot enumerate AMD northbridges
[    0.946732] clocksource: Switched to clocksource kvm-clock
[    0.954149] AppArmor: AppArmor Filesystem Enabled
[    0.955402] pnp: PnP ACPI init
[    0.957207] pnp: PnP ACPI: found 3 devices
[    0.968400] clocksource: acpi_pm: mask: 0xffffff max_cycles: 0xffffff, max_idle_ns: 2085701024 ns
[    0.970576] NET: Registered protocol family 2
[    0.971889] TCP established hash table entries: 8192 (order: 4, 65536 bytes)
[    0.973495] TCP bind hash table entries: 8192 (order: 5, 131072 bytes)
[    0.975034] TCP: Hash tables configured (established 8192 bind 8192)
[    0.976526] UDP hash table entries: 512 (order: 2, 16384 bytes)
[    0.977880] UDP-Lite hash table entries: 512 (order: 2, 16384 bytes)
[    0.979437] NET: Registered protocol family 1
[    0.980549] pci 0000:00:00.0: Limiting direct PCI/PCI transfers
[    0.981999] pci 0000:00:01.0: Activating ISA DMA hang workarounds
[    0.983582] Unpacking initramfs...
[    1.179187] Freeing initrd memory: 14880K
[    1.180469] clocksource: tsc: mask: 0xffffffffffffffff max_cycles: 0x27178451938, max_idle_ns: 440795251172 ns
[    1.182892] platform rtc_cmos: registered platform RTC device (no PNP device found)
[    1.184838] Scanning for low memory corruption every 60 seconds
[    1.186615] audit: initializing netlink subsys (disabled)
[    1.188141] audit: type=2000 audit(1584913061.460:1): initialized
[    1.189845] Initialise system trusted keyring
[    1.191285] HugeTLB registered 2 MB page size, pre-allocated 0 pages
[    1.193999] zbud: loaded
[    1.195182] VFS: Disk quotas dquot_6.6.0
[    1.196267] VFS: Dquot-cache hash table entries: 512 (order 0, 4096 bytes)
[    1.198129] squashfs: version 4.0 (2009/01/31) Phillip Lougher
[    1.199871] fuse init (API version 7.23)
[    1.201026] Key type big_key registered
[    1.202174] Allocating IMA MOK and blacklist keyrings.
[    1.205359] Key type asymmetric registered
[    1.206430] Asymmetric key parser 'x509' registered
[    1.207741] Block layer SCSI generic (bsg) driver version 0.4 loaded (major 249)
[    1.209713] io scheduler noop registered
[    1.210719] io scheduler deadline registered (default)
[    1.211982] io scheduler cfq registered
[    1.213018] pci_hotplug: PCI Hot Plug PCI Core version: 0.5
[    1.214348] pciehp: PCI Express Hot Plug Controller Driver version: 0.4
[    1.215969] ACPI: AC Adapter [AC] (on-line)
[    1.217064] input: Power Button as /devices/LNXSYSTM:00/LNXPWRBN:00/input/input0
[    1.218940] ACPI: Power Button [PWRF]
[    1.220026] input: Sleep Button as /devices/LNXSYSTM:00/LNXSLPBN:00/input/input1
[    1.221945] ACPI: Sleep Button [SLPF]
[    1.223234] GHES: HEST is not enabled!
[    1.224933] ACPI: Battery Slot [BAT0] (battery present)
[    1.226228] Serial: 8250/16550 driver, 32 ports, IRQ sharing enabled
[    1.248273] 00:02: ttyS0 at I/O 0x3f8 (irq = 4, base_baud = 115200) is a 16550A
[    1.251170] Linux agpgart interface v0.103
[    1.254151] loop: module loaded
[    1.255836] scsi host0: ata_piix
[    1.256946] scsi host1: ata_piix
[    1.257872] ata1: PATA max UDMA/33 cmd 0x1f0 ctl 0x3f6 bmdma 0xd000 irq 14
[    1.259397] ata2: PATA max UDMA/33 cmd 0x170 ctl 0x376 bmdma 0xd008 irq 15
[    1.261294] libphy: Fixed MDIO Bus: probed
[    1.262378] tun: Universal TUN/TAP device driver, 1.6
[    1.263557] tun: (C) 1999-2004 Max Krasnyansky <maxk@qualcomm.com>
[    1.264980] PPP generic driver version 2.4.2
[    1.266106] ehci_hcd: USB 2.0 'Enhanced' Host Controller (EHCI) Driver
[    1.267552] ehci-pci: EHCI PCI platform driver
[    1.268666] ehci-platform: EHCI generic platform driver
[    1.270553] ohci_hcd: USB 1.1 'Open' Host Controller (OHCI) Driver
[    1.272689] ohci-pci: OHCI PCI platform driver
[    1.274312] ohci-platform: OHCI generic platform driver
[    1.276327] uhci_hcd: USB Universal Host Controller Interface driver
[    1.278636] i8042: PNP: PS/2 Controller [PNP0303:PS2K,PNP0f03:PS2M] at 0x60,0x64 irq 1,12
[    1.282504] serio: i8042 KBD port at 0x60,0x64 irq 1
[    1.284292] serio: i8042 AUX port at 0x60,0x64 irq 12
[    1.286430] mousedev: PS/2 mouse device common for all mice
[    1.289470] input: AT Translated Set 2 keyboard as /devices/platform/i8042/serio0/input/input2
[    1.292934] rtc_cmos rtc_cmos: rtc core: registered rtc_cmos as rtc0
[    1.295225] rtc_cmos rtc_cmos: alarms up to one day, 114 bytes nvram
[    1.297532] i2c /dev entries driver
[    1.299045] device-mapper: uevent: version 1.0.3
[    1.300819] device-mapper: ioctl: 4.34.0-ioctl (2015-10-28) initialised: dm-devel@redhat.com
[    1.303339] ledtrig-cpu: registered to indicate activity on CPUs
[    1.304985] NET: Registered protocol family 10
[    1.306194] NET: Registered protocol family 17
[    1.307310] Key type dns_resolver registered
[    1.308804] registered taskstats version 1
[    1.309834] Loading compiled-in X.509 certificates
[    1.311483] Loaded X.509 cert 'Build time autogenerated kernel key: c2b7431ed9258328a3a0cf301f850647788d8e61'
[    1.313741] zswap: loaded using pool lzo/zbud
[    1.316917] Key type trusted registered
[    1.321794] Key type encrypted registered
[    1.322823] AppArmor: AppArmor sha1 policy hashing enabled
[    1.324197] ima: No TPM chip found, activating TPM-bypass!
[    1.325948] ima: Allocated hash algorithm: sha1
[    1.327273] evm: HMAC attrs: 0x1
[    1.328882]   Magic number: 12:444:652
[    1.330209] rtc_cmos rtc_cmos: setting system clock to 2020-03-22 21:37:36 UTC (1584913056)
[    1.332890] BIOS EDD facility v0.16 2004-Jun-25, 0 devices found
[    1.334539] EDD information not available.
[    1.441996] Freeing unused kernel memory: 1488K
[    1.443076] Write protecting the kernel read-only data: 14336k
[    1.444812] Freeing unused kernel memory: 1604K
[    1.446028] Freeing unused kernel memory: 64K
Loading, please wait...
starting version 229
[    1.463201] random: systemd-udevd: uninitialized urandom read (16 bytes read, 3 bits of entropy available)
[    1.464820] random: udevadm: uninitialized urandom read (16 bytes read, 3 bits of entropy available)
[    1.464843] random: udevadm: uninitialized urandom read (16 bytes read, 3 bits of entropy available)
[    1.474145] random: systemd-udevd: uninitialized urandom read (16 bytes read, 3 bits of entropy available)
[    1.477885] random: systemd-udevd: uninitialized urandom read (16 bytes read, 3 bits of entropy available)
[    1.479390] random: udevadm: uninitialized urandom read (16 bytes read, 3 bits of entropy available)
[    1.479462] random: udevadm: uninitialized urandom read (16 bytes read, 3 bits of entropy available)
[    1.479795] random: udevadm: uninitialized urandom read (16 bytes read, 3 bits of entropy available)
[    1.479918] random: udevadm: uninitialized urandom read (16 bytes read, 3 bits of entropy available)
[    1.480223] random: udevadm: uninitialized urandom read (16 bytes read, 3 bits of entropy available)
[    1.554465] e1000: Intel(R) PRO/1000 Network Driver - version 7.3.21-k8-NAPI
[    1.556785] e1000: Copyright (c) 1999-2006 Intel Corporation.
[    1.575774] Fusion MPT base driver 3.04.20
[    1.577111] Copyright (c) 1999-2008 LSI Corporation
[    1.639766] AVX2 version of gcm_enc/dec engaged.
[    1.642378] AES CTR mode by8 optimization enabled
[    1.675321] Fusion MPT SPI Host driver 3.04.20
[    1.812711] input: ImExPS/2 Generic Explorer Mouse as /devices/platform/i8042/serio1/input/input4
[    2.202433] e1000 0000:00:03.0 eth0: (PCI:33MHz:32-bit) 02:90:e9:96:cf:60
[    2.204551] e1000 0000:00:03.0 eth0: Intel(R) PRO/1000 Network Connection
[    2.207014] mptbase: ioc0: Initiating bringup
[    3.918294] ioc0: LSI53C1030 A0: Capabilities={Initiator}
[    5.921568] scsi host2: ioc0: LSI53C1030 A0, FwRev=00000000h, Ports=1, MaxQ=256, IRQ=20
[    7.769730] scsi 2:0:0:0: Direct-Access     VBOX     HARDDISK         1.0  PQ: 0 ANSI: 5
[    7.781532] scsi target2:0:0: Beginning Domain Validation
[    7.792970] scsi target2:0:0: Domain Validation skipping write tests
[    7.797481] scsi target2:0:0: Ending Domain Validation
[    7.800631] scsi target2:0:0: asynchronous
[    7.804095] scsi 2:0:1:0: Direct-Access     VBOX     HARDDISK         1.0  PQ: 0 ANSI: 5
[    7.807516] scsi target2:0:1: Beginning Domain Validation
[    7.811693] scsi target2:0:1: Domain Validation skipping write tests
[    7.813926] scsi target2:0:1: Ending Domain Validation
[    7.815984] scsi target2:0:1: asynchronous
[    7.835752] sd 2:0:0:0: Attached scsi generic sg0 type 0
[    7.853118] sd 2:0:0:0: [sda] 20971520 512-byte logical blocks: (10.7 GB/10.0 GiB)
[    7.856085] sd 2:0:0:0: [sda] Write Protect is off
[    7.857727] sd 2:0:0:0: [sda] Incomplete mode parameter data
[    7.859396] sd 2:0:0:0: [sda] Assuming drive cache: write through
[    7.863620]  sda: sda1
[    7.864688] sd 2:0:1:0: [sdb] 20480 512-byte logical blocks: (10.5 MB/10.0 MiB)
[    7.868012] sd 2:0:1:0: [sdb] Write Protect is off
[    7.869993] sd 2:0:1:0: [sdb] Incomplete mode parameter data
[    7.871763] sd 2:0:1:0: [sdb] Assuming drive cache: write through
[    7.874505] sd 2:0:0:0: [sda] Attached SCSI disk
[    7.876130] sd 2:0:1:0: Attached scsi generic sg1 type 0
[    7.880140] sd 2:0:1:0: [sdb] Attached SCSI disk
[    8.235646] e1000 0000:00:08.0 eth1: (PCI:33MHz:32-bit) 08:00:27:37:91:3f
[    8.237921] e1000 0000:00:08.0 eth1: Intel(R) PRO/1000 Network Connection
[    8.240777] e1000 0000:00:08.0 enp0s8: renamed from eth1
[    8.251618] e1000 0000:00:03.0 enp0s3: renamed from eth0
Begin: Loading essential drivers ... [    9.774352] md: linear personality registered for level -1
[    9.778285] md: multipath personality registered for level -4
[    9.782162] md: raid0 personality registered for level 0
[    9.787286] md: raid1 personality registered for level 1
[    9.858753] raid6: sse2x1   gen() 10662 MB/s
[    9.926790] raid6: sse2x1   xor()  6060 MB/s
[    9.995386] raid6: sse2x2   gen() 11469 MB/s
[   10.062765] raid6: sse2x2   xor()  8729 MB/s
[   10.131088] raid6: sse2x4   gen()  9285 MB/s
[   10.200380] raid6: sse2x4   xor()  2720 MB/s
[   10.266751] raid6: avx2x1   gen() 20084 MB/s
[   10.335011] raid6: avx2x2   gen() 18453 MB/s
[   10.403363] raid6: avx2x4   gen() 29398 MB/s
[   10.404431] raid6: using algorithm avx2x4 gen() 29398 MB/s
[   10.405683] raid6: using avx2x2 recovery algorithm
[   10.408019] xor: automatically using best checksumming function:
[   10.446820]    avx       : 27478.000 MB/sec
[   10.448923] async_tx: api initialized (async)
[   10.458209] md: raid6 personality registered for level 6
[   10.459893] md: raid5 personality registered for level 5
[   10.461328] md: raid4 personality registered for level 4
[   10.468466] md: raid10 personality registered for level 10
done.
Begin: Running /scripts/init-premount ... done.
Begin: Mounting root file system ... Begin: Running /scripts/local-top ... done.
Begin: Running /scripts/local-premount ... [   10.518112] Btrfs loaded
Scanning for Btrfs filesystems
done.
Warning: fsck not present, so skipping root file system
[   10.564821] EXT4-fs (sda1): mounted filesystem with ordered data mode. Opts: (null)
done.
Begin: Running /scripts/local-bottom ... done.
Begin: Running /scripts/init-bottom ... done.
[   10.643693] systemd[1]: systemd 229 running in system mode. (+PAM +AUDIT +SELINUX +IMA +APPARMOR +SMACK +SYSVINIT +UTMP +LIBCRYPTSETUP +GCRYPT +GNUTLS +ACL +XZ -LZ4 +SECCOMP +BLKID +ELFUTILS +KMOD -IDN)
[   10.647457] systemd[1]: Detected virtualization oracle.
[   10.648646] systemd[1]: Detected architecture x86-64.

Welcome to [1mUbuntu 16.04.6 LTS[0m!

[   10.652210] systemd[1]: Set hostname to <ubuntu>.
[   10.654887] systemd[1]: Initializing machine ID from random generator.
[   10.656288] systemd[1]: Installed transient /etc/machine-id file.
[   10.795407] systemd[1]: Reached target Encrypted Volumes.
[[0;32m  OK  [0m] Reached target Encrypted Volumes.
[   10.797822] systemd[1]: Reached target User and Group Name Lookups.
[[0;32m  OK  [0m] Reached target User and Group Name Lookups.
[   10.800611] systemd[1]: Listening on udev Kernel Socket.
[[0;32m  OK  [0m] Listening on udev Kernel Socket.
[   10.802857] systemd[1]: Listening on /dev/initctl Compatibility Named Pipe.
[[0;32m  OK  [0m] Listening on /dev/initctl Compatibility Named Pipe.
[   10.805387] systemd[1]: Listening on Device-mapper event daemon FIFOs.
[[0;32m  OK  [0m] Listening on Device-mapper event daemon FIFOs.
[   10.808294] systemd[1]: Created slice User and Session Slice.
[[0;32m  OK  [0m] Created slice User and Session Slice.
[   10.810797] systemd[1]: Set up automount Arbitrary Executable File Formats File System Automount Point.
[[0;32m  OK  [0m] Set up automount Arbitrary Executab...ats File System Automount Point.
[   10.814530] systemd[1]: Reached target Swap.
[[0;32m  OK  [0m] Reached target Swap.
[   10.816517] systemd[1]: Listening on udev Control Socket.
[[0;32m  OK  [0m] Listening on udev Control Socket.
[   10.818594] systemd[1]: Listening on LVM2 poll daemon socket.
[[0;32m  OK  [0m] Listening on LVM2 poll daemon socket.
[   10.820797] systemd[1]: Listening on Journal Socket (/dev/log).
[[0;32m  OK  [0m] Listening on Journal Socket (/dev/log).
[   10.823568] systemd[1]: Listening on LVM2 metadata daemon socket.
[[0;32m  OK  [0m] Listening on LVM2 metadata daemon socket.
[   10.826209] systemd[1]: Started Forward Password Requests to Wall Directory Watch.
[[0;32m  OK  [0m] Started Forward Password Requests to Wall Directory Watch.
[   10.829567] systemd[1]: Listening on Journal Socket.
[[0;32m  OK  [0m] Listening on Journal Socket.
[   10.832128] systemd[1]: Created slice System Slice.
[[0;32m  OK  [0m] Created slice System Slice.
[   10.851916] systemd[1]: Starting Load Kernel Modules...
         Starting Load Kernel Modules...
[   10.865027] systemd[1]: Mounting POSIX Message Queue File System...
         Mounting POSIX Message Queue File System...
[   10.875836] systemd[1]: Starting Set console keymap...
         Starting Set console keymap...
[   10.882134] systemd[1]: Starting Nameserver information manager...
[   10.884949] Loading iSCSI transport class v2.0-870.
         Starting Nameserver information manager...
[   10.891438] systemd[1]: Mounting Debug File System...
         Mounting Debug File System...
[   10.897037] systemd[1]: Starting Uncomplicated firewall...
         Starting Uncomplicated firewall...
[   10.902654] systemd[1]: Starting Create list of required static device nodes for the current kernel...
         Starting Create list of required st... nodes for the current kernel...
[   10.908390] iscsi: registered transport (tcp)
[   10.910311] systemd[1]: Mounting Huge Pages File System...
         Mounting Huge Pages File System...
[   10.917838] systemd[1]: Reached target Slices.
[[0;32m  OK  [0m] Reached target Slices.
[   10.939134] systemd[1]: Starting Remount Root and Kernel File Systems...
         Starting Remount Root and Kernel File Systems...
[   10.943547] systemd[1]: Listening on Syslog Socket.
[[0;32m  OK  [0m] Listening on Syslog Socket.
[   10.946808] systemd[1]: Started Trigger resolvconf update for networkd DNS.
[[0;32m  OK  [0m] Started Trigger resolvconf update for networkd DNS.
[   10.949863] systemd[1]: Created slice system-serial\x2dgetty.slice.

   10.951400] EXT4-fs (sda1): re-mounted. Opts: (null)
[[0;32m  OK  [0m] Created slice system-serial\x2dgetty.slice.
[   10.954769] systemd[1]: Starting Monitoring of LVM2 mirrors, snapshots etc. using dmeventd or progress polling...
         Starting Monitoring of LVM2 mirrors... dmeventd or progress polling...
[   10.959517] systemd[1]: Reached target System Time Synchronized.
[[0;32m  OK  [0m] Reached target System Time Synchronized.
[   10.963059] systemd[1]: Listening on Journal Audit Socket.
[[0;32m  OK  [0m] Listening on Journal Audit Socket.
[   10.970100] iscsi: registered transport (iser)
[   10.987130] systemd[1]: Starting Journal Service...
         Starting Journal Service...
[   10.991602] systemd[1]: Mounted POSIX Message Queue File System.
[[0;32m  OK  [0m] Mounted POSIX Message Queue File System.
[   10.995307] systemd[1]: Mounted Huge Pages File System.
[[0;32m  OK  [0m] Mounted Huge Pages File System.
[   10.999219] systemd[1]: Mounted Debug File System.
[[0;32m  OK  [0m] Mounted Debug File System.
[   11.002437] systemd[1]: Started Load Kernel Modules.
[[0;32m  OK  [0m] Started Load Kernel Modules.
[   11.006417] systemd[1]: Started Uncomplicated firewall.
[[0;32m  OK  [0m] Started Uncomplicated firewall.
[   11.009617] systemd[1]: Started Create list of required static device nodes for the current kernel.
[[0;32m  OK  [0m] Started Create list of required sta...ce nodes for the current kernel.
[   11.015210] systemd[1]: Started Remount Root and Kernel File Systems.
[[0;32m  OK  [0m] Started Remount Root and Kernel File Systems.
[   11.018938] systemd[1]: Started Nameserver information manager.
[[0;32m  OK  [0m] Started Nameserver information manager.
[   11.023705] systemd[1]: Started Set console keymap.
[[0;32m  OK  [0m] Started Set console keymap.
[   11.028448] systemd[1]: Started Journal Service.
[[0;32m  OK  [0m] Started Journal Service.
[[0;32m  OK  [0m] Started LVM2 metadata daemon.
         Starting udev Coldplug all Devices...
         Starting Load/Save Random Seed...
         Starting Flush Journal to Persistent Storage...
         Starting Create Static Device Nodes in /dev...
         Starting Apply Kernel Variables...
         Mounting FUSE Control File System...
[[0;32m  OK  [0m] Started Load/Save Random Seed.
[[0;32m  OK  [0m] Mounted FUSE Control File System.[   11.061404] random: nonblocking pool is initialized

[[0;32m  OK  [0m] Started Apply Kernel Variables.
[[0;32m  OK  [0m] Started Create Static Device Nodes in /dev.
         Starting udev Kernel Device Manager...
[[0;32m  OK  [0m] Started Flush Journal to Persistent Storage.
[[0;32m  OK  [0m] Started udev Coldplug all Devices.
[[0;32m  OK  [0m] Started udev Kernel Device Manager.
[[0;32m  OK  [0m] Started Dispatch Password Requests to Console Directory Watch.
[[0;32m  OK  [0m] Found device /dev/ttyS0.
[[0;32m  OK  [0m] Listening on Load/Save RF Kill Switch Status /dev/rfkill Watch.
[[0;32m  OK  [0m] Started Monitoring of LVM2 mirrors,...ng dmeventd or progress polling.
[[0;32m  OK  [0m] Reached target Local File Systems (Pre).
[[0;32m  OK  [0m] Reached target Local File Systems.
         Starting Set console font and keymap...
         Starting Create Volatile Files and Directories...
         Starting LSB: AppArmor initialization...
         Starting Commit a transient machine-id on disk...
         Starting Tell Plymouth To Write Out Runtime Data...
         Starting Initial cloud-init job (pre-networking)...
[[0;32m  OK  [0m] Started Create Volatile Files and Directories.
[[0;32m  OK  [0m] Started Commit a transient machine-id on disk.
[[0;32m  OK  [0m] Started Tell Plymouth To Write Out Runtime Data.
         Starting Update UTMP about System Boot/Shutdown...
[[0;32m  OK  [0m] Started Update UTMP about System Boot/Shutdown.
[[0;32m  OK  [0m] Started Set console font and keymap.
[[0;32m  OK  [0m] Created slice system-getty.slice.
[   13.684909] cloud-init[673]: Cloud-init v. 19.4-33-gbb4131a2-0ubuntu1~16.04.1 running 'init-local' at Sun, 22 Mar 2020 21:37:48 +0000. Up 13.09 seconds.
[[0;32m  OK  [0m] Started Initial cloud-init job (pre-networking).
[[0;32m  OK  [0m] Reached target Network (Pre).
[[0;32m  OK  [0m] Started LSB: AppArmor initialization.
         Starting Raise network interfaces...
[[0;32m  OK  [0m] Started Raise network interfaces.
[[0;32m  OK  [0m] Reached target Network.
         Starting Initial cloud-init job (metadata service crawler)...
[   15.357087] cloud-init[963]: Cloud-init v. 19.4-33-gbb4131a2-0ubuntu1~16.04.1 running 'init' at Sun, 22 Mar 2020 21:37:50 +0000. Up 14.71 seconds.
[   15.369086] cloud-init[963]: ci-info: ++++++++++++++++++++++++++++++++++++++Net device info+++++++++++++++++++++++++++++++++++++++
[   15.380803] cloud-init[963]: ci-info: +--------+-------+----------------------------+---------------+--------+-------------------+
[   15.388602] cloud-init[963]: ci-info: | Device |   Up  |          Address           |      Mask     | Scope  |     Hw-Address    |
[   15.396403] cloud-init[963]: ci-info: +--------+-------+----------------------------+---------------+--------+-------------------+
[   15.404838] cloud-init[963]: ci-info: | enp0s3 |  True |         10.0.2.15          | 255.255.255.0 | global | 02:90:e9:96:cf:60 |
[   15.408134] cloud-init[963]: ci-info: | enp0s3 |  True | fe80::90:e9ff:fe96:cf60/64 |       .       |  link  | 02:90:e9:96:cf:60 |
[   15.412643] cloud-init[963]: ci-info: | enp0s8 | False |             .              |       .       |   .    | 08:00:27:37:91:3f |
[   15.416792] cloud-init[963]: ci-info: |   lo   |  True |         127.0.0.1          |   255.0.0.0   |  host  |         .         |
[   15.419687] cloud-init[963]: ci-info: |   lo   |  True |          ::1/128           |       .       |  host  |         .         |
[   15.422751] cloud-init[963]: ci-info: +--------+-------+----------------------------+---------------+--------+-------------------+
[   15.425814] cloud-init[963]: ci-info: +++++++++++++++++++++++++++Route IPv4 info++++++++++++++++++++++++++++
[   15.428462] cloud-init[963]: ci-info: +-------+-------------+----------+---------------+-----------+-------+
[   15.431043] cloud-init[963]: ci-info: | Route | Destination | Gateway  |    Genmask    | Interface | Flags |
[   15.433635] cloud-init[963]: ci-info: +-------+-------------+----------+---------------+-----------+-------+
[   15.435292] cloud-init[963]: ci-info: |   0   |   0.0.0.0   | 10.0.2.2 |    0.0.0.0    |   enp0s3  |   UG  |
[   15.436857] cloud-init[963]: ci-info: |   1   |   10.0.2.0  | 0.0.0.0  | 255.255.255.0 |   enp0s3  |   U   |
[   15.438529] cloud-init[963]: ci-info: +-------+-------------+----------+---------------+-----------+-------+
[   15.440335] cloud-init[963]: ci-info: +++++++++++++++++++Route IPv6 info+++++++++++++++++++
[   15.441884] cloud-init[963]: ci-info: +-------+-------------+---------+-----------+-------+
[   15.443338] cloud-init[963]: ci-info: | Route | Destination | Gateway | Interface | Flags |
[   15.444794] cloud-init[963]: ci-info: +-------+-------------+---------+-----------+-------+
[   15.446323] cloud-init[963]: ci-info: |   0   |  fe80::/64  |    ::   |   enp0s3  |   U   |
[   15.447719] cloud-init[963]: ci-info: |   3   |   ff00::/8  |    ::   |   enp0s3  |   U   |
[   15.449225] cloud-init[963]: ci-info: +-------+-------------+---------+-----------+-------+
[   15.450558] cloud-init[963]: Generating public/private rsa key pair.
[   15.451842] cloud-init[963]: Your identification has been saved in /etc/ssh/ssh_host_rsa_key.
[   15.453220] cloud-init[963]: Your public key has been saved in /etc/ssh/ssh_host_rsa_key.pub.
[   15.453382] cloud-init[963]: The key fingerprint is:
[   15.453935] cloud-init[963]: SHA256:YR3JCem16E5whEi84z/e1V7MjEgLvesRYb0gvB4eM/c root@ubuntu-xenial
[   15.454281] cloud-init[963]: The key's randomart image is:
[   15.454665] cloud-init[963]: +---[RSA 2048]----+
[   15.455011] cloud-init[963]: |   o.. ..+.o     |
[   15.455373] cloud-init[963]: |    o ..o.=o     |
[   15.455902] cloud-init[963]: |     . o=o=..    |
[   15.456447] cloud-init[963]: |    o ..+*.o .   |
[   15.456967] cloud-init[963]: |   . . +S = .    |
[   15.457322] cloud-init[963]: |    .  ooO B =   |
[   15.457733] cloud-init[963]: |     . oo * E =  |
[   15.458145] cloud-init[963]: |      o... + .   |
[   15.458707] cloud-init[963]: |     .....o .    |
[   15.459058] cloud-init[963]: +----[SHA256]-----+
[   15.459417] cloud-init[963]: Generating public/private dsa key pair.
[   15.459962] cloud-init[963]: Your identification has been saved in /etc/ssh/ssh_host_dsa_key.
[   15.460525] cloud-init[963]: Your public key has been saved in /etc/ssh/ssh_host_dsa_key.pub.
[   15.461013] cloud-init[963]: The key fingerprint is:
[   15.461356] cloud-init[963]: SHA256:IiZ1P3N/KLFhsLDdsKfOEV6nlbiFtEqQbb7MRcvE4kY root@ubuntu-xenial
[   15.461902] cloud-init[963]: The key's randomart image is:
[   15.462255] cloud-init[963]: +---[DSA 1024]----+
[   15.462802] cloud-init[963]: |                 |
[   15.463152] cloud-init[963]: |       o .       |
[   15.463689] cloud-init[963]: |    . = E =      |
[   15.464087] cloud-init[963]: |   . . @ % = .   |
[   15.464438] cloud-init[963]: |  . o o S / =    |
[   15.464781] cloud-init[963]: |   o . B & @ .   |
[   15.465138] cloud-init[963]: |        O = o .  |
[   15.465676] cloud-init[963]: |       o . . .   |
[   15.466033] cloud-init[963]: |        o        |
[   15.466416] cloud-init[963]: +----[SHA256]-----+
[   15.466760] cloud-init[963]: Generating public/private ecdsa key pair.
[   15.467119] cloud-init[963]: Your identification has been saved in /etc/ssh/ssh_host_ecdsa_key.
[   15.467659] cloud-init[963]: Your public key has been saved in /etc/ssh/ssh_host_ecdsa_key.pub.
[   15.468074] cloud-init[963]: The key fingerprint is:
[   15.468378] cloud-init[963]: SHA256:NV8lYVUDnldngGtwGEJUI72Cq130QfcQKVDQ+nZNv7o root@ubuntu-xenial
[   15.468754] cloud-init[963]: The key's randomart image is:
[   15.469117] cloud-init[963]: +---[ECDSA 256]---+
[   15.469490] cloud-init[963]: |       oBB=o.=*=O|
[   15.469848] cloud-init[963]: |         oB.B..++|
[   15.470217] cloud-init[963]: |       . oo* *.. |
[   15.470579] cloud-init[963]: |      . +.ooo.+  |
[   15.470932] cloud-init[963]: |       oS+ o.o . |
[   15.471312] cloud-init[963]: |      . . + . . .|
[   15.471664] cloud-init[963]: |     o . . .    .|
[   15.472062] cloud-init[963]: |    . .        . |
[   15.472575] cloud-init[963]: |             Eo  |
[   15.472926] cloud-init[963]: +----[SHA256]-----+
[   15.473471] cloud-init[963]: Generating public/private ed25519 key pair.
[   15.473831] cloud-init[963]: Your identification has been saved in /etc/ssh/ssh_host_ed25519_key.
[   15.474220] cloud-init[963]: Your public key has been saved in /etc/ssh/ssh_host_ed25519_key.pub.
[   15.474572] cloud-init[963]: The key fingerprint is:
[   15.474933] cloud-init[963]: SHA256:ddeRSscZiEWoF/LbTxedCmneiAdxMXq+RcerYvbXyxU root@ubuntu-xenial
[   15.475473] cloud-init[963]: The key's randomart image is:
[   15.475829] cloud-init[963]: +--[ED25519 256]--+
[   15.476388] cloud-init[963]: |           o*ooo+|
[   15.476738] cloud-init[963]: |         o.=.o.*.|
[   15.477131] cloud-init[963]: |         .B.=.+o+|
[   15.477462] cloud-init[963]: |         +oB.o.oo|
[   15.477829] cloud-init[963]: |        S *.*..E.|
[   15.478371] cloud-init[963]: |         . =o+..o|
[   15.478730] cloud-init[963]: |          .= .o +|
[   15.479276] cloud-init[963]: |          o o .oo|
[   15.479632] cloud-init[963]: |             ..o.|
[   15.480038] cloud-init[963]: +----[SHA256]-----+
[[0;32m  OK  [0m] Started Initial cloud-init job (metadata service crawler).
[[0;32m  OK  [0m] Reached target System Initialization.
[[0;32m  OK  [0m] Started Message of the Day.
[[0;32m  OK  [0m] Listening on ACPID Listen Socket.
[[0;32m  OK  [0m] Started Daily Cleanup of Temporary Directories.
[[0;32m  OK  [0m] Started ACPI Events Check.
[[0;32m  OK  [0m] Reached target Paths.
         Starting Socket activation for snappy daemon.
[[0;32m  OK  [0m] Listening on D-Bus System Message Bus Socket.
[[0;32m  OK  [0m] Listening on UUID daemon activation socket.
         Starting LXD - unix socket.
[[0;32m  OK  [0m] Started Daily apt download activities.
[[0;32m  OK  [0m] Started Daily apt upgrade and clean activities.
[[0;32m  OK  [0m] Reached target Timers.
[[0;32m  OK  [0m] Reached target Network is Online.
         Starting iSCSI initiator daemon (iscsid)...
[[0;32m  OK  [0m] Reached target Cloud-config availability.
[[0;32m  OK  [0m] Listening on Socket activation for snappy daemon.
[[0;32m  OK  [0m] Listening on LXD - unix socket.
[[0;32m  OK  [0m] Reached target Sockets.
[[0;32m  OK  [0m] Reached target Basic System.
         Starting System Logging Service...
         Starting Accounts Service...
         Starting Virtualbox guest utils...
[[0;32m  OK  [0m] Started Deferred execution scheduler.
[[0;32m  OK  [0m] Started FUSE filesystem for LXC.
         Starting /etc/rc.local Compatibility...
         Starting LSB: MD monitoring daemon...
         Starting Pollinate to seed the pseudo random number generator...
         Starting Login Service...
         Starting LXD - container startup/shutdown...
         Starting LSB: Record successful boot for GRUB...
         Starting Snappy daemon...
[[0;32m  OK  [0m] Started D-Bus System Message Bus.
[[0;32m  OK  [0m] Started Regular background program processing daemon.
[[0;32m  OK  [0m] Started ACPI event daemon.
[[0;32m  OK  [0m] Started System Logging Service.
[[0;32m  OK  [0m] Started /etc/rc.local Compatibility.
[[0;32m  OK  [0m] Started iSCSI initiator daemon (iscsid).
         Starting Authenticate and Authorize Users to Run Privileged Tasks...
         Starting Login to default iSCSI targets...
[[0;32m  OK  [0m] Started Login Service.
[[0;32m  OK  [0m] Started Unattended Upgrades Shutdown.
[[0;32m  OK  [0m] Started LSB: MD monitoring daemon.
[[0;32m  OK  [0m] Started LXD - container startup/shutdown.
[[0;32m  OK  [0m] Started LSB: Record successful boot for GRUB.
[[0;32m  OK  [0m] Started Login to default iSCSI targets.
[[0;32m  OK  [0m] Reached target Remote File Systems (Pre).
[[0;32m  OK  [0m] Reached target Remote File Systems.
         Starting LSB: Set the CPU Frequency Scaling governor to "ondemand"...
         Starting LSB: automatic crash report generation...
         Starting LSB: daemon to balance interrupts for SMP systems...
         Starting Permit User Sessions...
[[0;32m  OK  [0m] Started Permit User Sessions.
[[0;32m  OK  [0m] Started Authenticate and Authorize Users to Run Privileged Tasks.
[[0;32m  OK  [0m] Started Accounts Service.
         Starting Terminate Plymouth Boot Screen...
         Starting Hold until boot process finishes up...
[[0;32m  OK  [0m] Started Hold until boot process finishes up.
[[0;32m  OK  [0m] Started Terminate Plymouth Boot Screen.
[[0;32m  OK  [0m] Started LSB: Set the CPU Frequency Scaling governor to "ondemand".
         Starting Set console scheme...
[[0;32m  OK  [0m] Started Getty on tty1.
[[0;32m  OK  [0m] Started Serial Getty on ttyS0.
[[0;32m  OK  [0m] Reached target Login Prompts.
[[0;32m  OK  [0m] Started LSB: automatic crash report generation.
[[0;32m  OK  [0m] Started LSB: daemon to balance interrupts for SMP systems.
[[0;32m  OK  [0m] Started Set console scheme.
[[0;32m  OK  [0m] Started Virtualbox guest utils.
[[0;32m  OK  [0m] Started Snappy daemon.
         Starting Wait until snapd is fully seeded...
[[0;32m  OK  [0m] Started Pollinate to seed the pseudo random number generator.
         Starting OpenBSD Secure Shell server...
[[0;32m  OK  [0m] Started OpenBSD Secure Shell server.
[[0;32m  OK  [0m] Started Wait until snapd is fully seeded.
         Starting Apply the settings specified in cloud-config...
[[0;32m  OK  [0m] Reached target Multi-User System.
[[0;32m  OK  [0m] Reached target Graphical Interface.
         Starting Update UTMP about System Runlevel Changes...
[[0;32m  OK  [0m] Started Update UTMP about System Runlevel Changes.
[   18.793852] cloud-init[1316]: Generating locales (this might take a while)...
[[0;32m  OK  [0m] Created slice User Slice of vagrant.
         Starting User Manager for UID 1000...
[[0;32m  OK  [0m] Started Session 1 of user vagrant.
[[0;32m  OK  [0m] Started User Manager for UID 1000.
[   20.368261] cloud-init[1316]:   en_US.UTF-8... done
[   20.370611] cloud-init[1316]: Generation complete.
[   20.846609] cloud-init[1316]: Cloud-init v. 19.4-33-gbb4131a2-0ubuntu1~16.04.1 running 'modules:config' at Sun, 22 Mar 2020 21:37:54 +0000. Up 18.57 seconds.
ci-info: no authorized SSH keys fingerprints found for user ubuntu.
<14>Mar 22 21:37:57 ec2: 
<14>Mar 22 21:37:57 ec2: #############################################################
<14>Mar 22 21:37:57 ec2: -----BEGIN SSH HOST KEY FINGERPRINTS-----
<14>Mar 22 21:37:57 ec2: 1024 SHA256:IiZ1P3N/KLFhsLDdsKfOEV6nlbiFtEqQbb7MRcvE4kY root@ubuntu-xenial (DSA)
<14>Mar 22 21:37:57 ec2: 256 SHA256:NV8lYVUDnldngGtwGEJUI72Cq130QfcQKVDQ+nZNv7o root@ubuntu-xenial (ECDSA)
<14>Mar 22 21:37:57 ec2: 256 SHA256:ddeRSscZiEWoF/LbTxedCmneiAdxMXq+RcerYvbXyxU root@ubuntu-xenial (ED25519)
<14>Mar 22 21:37:57 ec2: 2048 SHA256:YR3JCem16E5whEi84z/e1V7MjEgLvesRYb0gvB4eM/c root@ubuntu-xenial (RSA)
<14>Mar 22 21:37:57 ec2: -----END SSH HOST KEY FINGERPRINTS-----
<14>Mar 22 21:37:57 ec2: #############################################################
-----BEGIN SSH HOST KEY KEYS-----
ecdsa-sha2-nistp256 AAAAE2VjZHNhLXNoYTItbmlzdHAyNTYAAAAIbmlzdHAyNTYAAABBBM5xvA17bRafmqBcSIusFVdkZvn9YIXc8f2GskKnX725T/7OyfppQPO68vc/Rgq2k+HlOQN5cc3oAIexFkuCQLk= root@ubuntu-xenial
ssh-ed25519 AAAAC3NzaC1lZDI1NTE5AAAAIIIttKrqlXR7kQZnLS53RIXjRAqW9ihCDqGBJbVUUL7P root@ubuntu-xenial
ssh-rsa AAAAB3NzaC1yc2EAAAADAQABAAABAQClA0PW6yZvDcFPSf8vfDZr5mYlHJhvfJsHDOCR3ATB58efknJsKqKkxHaBZZ6YySDgdwdaoRA0nvmYpv3jWlv0kTvefCb10YT5/o7fPMqJlBYBQAWOfTP55ukozkpM0XCvhP5A8XZoKOmKNkGZsNmRyf6I5D3KEVDNuqV3mSbUTiIkoRXAAqO/MlU9p24HH2JVf3d3T9WPzGiEJXgBQYG8S+FEjR0Svo8uxDnbAIxQ5IolLgVXuS0iMgu/0NkKiTXhx86pZfSud82EC2/pdNvSiyxb31XMyGlE2zDknKNYsVIsURVM9/anNpDEJY+X46wkD4MNf9Qss3UhDriuXmVL root@ubuntu-xenial
-----END SSH HOST KEY KEYS-----
[   21.723385] cloud-init[1476]: Cloud-init v. 19.4-33-gbb4131a2-0ubuntu1~16.04.1 running 'modules:final' at Sun, 22 Mar 2020 21:37:57 +0000. Up 21.51 seconds.
[   21.726951] cloud-init[1476]: ci-info: no authorized SSH keys fingerprints found for user ubuntu.
[   21.728438] cloud-init[1476]: Cloud-init v. 19.4-33-gbb4131a2-0ubuntu1~16.04.1 finished at Sun, 22 Mar 2020 21:37:57 +0000. Datasource DataSourceNoCloud [seed=/dev/sdb][dsmode=net].  Up 21.70 seconds

Ubuntu 16.04.6 LTS ubuntu-xenial ttyS0

ubuntu-xenial login: 